<?xml version="1.0" encoding="UTF-8"?>
<testsuite xmlns:xsi="http://www.w3.org/2001/XMLSchema-instance" xsi:noNamespaceSchemaLocation="https://maven.apache.org/surefire/maven-surefire-plugin/xsd/surefire-test-report-3.0.xsd" version="3.0" name="thesis.antlersolver.algorithm.GraphAlgorithmTest" time="0.207" tests="10" errors="0" skipped="0" failures="0">
  <properties>
[...]
</properties>
  <testcase name="testNaiveFVS" classname="thesis.antlersolver.algorithm.GraphAlgorithmTest" time="0.063"/>
  <testcase name="testSmartDisjointFVS" classname="thesis.antlersolver.algorithm.GraphAlgorithmTest" time="0.005"/>
  <testcase name="testIsAcyclic" classname="thesis.antlersolver.algorithm.GraphAlgorithmTest" time="0.01"/>
  <testcase name="testKAntlers" classname="thesis.antlersolver.algorithm.GraphAlgorithmTest" time="0.051">
    <system-out><![CDATA[2 -> 8, 13, 21
3 -> 8, 21, 35
4 -> 8, 25, 35
]]></system-out>
  </testcase>
  <testcase name="testSmartFVS" classname="thesis.antlersolver.algorithm.GraphAlgorithmTest" time="0.004">
    <system-err><![CDATA[selfLoop: 7 -> 6
deg2: 6 -> 0
reduction finished
]]></system-err>
  </testcase>
  <testcase name="testKPathAntlers" classname="thesis.antlersolver.algorithm.GraphAlgorithmTest" time="0.021"/>
  <testcase name="testSingletonPathAntlers" classname="thesis.antlersolver.algorithm.GraphAlgorithmTest" time="0.001"/>
  <testcase name="testNaiveDisjointFVS" classname="thesis.antlersolver.algorithm.GraphAlgorithmTest" time="0.011"/>
  <testcase name="testConnectedComponents" classname="thesis.antlersolver.algorithm.GraphAlgorithmTest" time="0.001"/>
  <testcase name="testEdgeBCC" classname="thesis.antlersolver.algorithm.GraphAlgorithmTest" time="0.003"/>
</testsuite>