<?xml version="1.0" encoding="UTF-8"?>
<testsuite xmlns:xsi="http://www.w3.org/2001/XMLSchema-instance" xsi:noNamespaceSchemaLocation="https://maven.apache.org/surefire/maven-surefire-plugin/xsd/surefire-test-report-3.0.xsd" version="3.0" name="thesis.antlersolver.model.GraphTest" time="0.061" tests="19" errors="0" skipped="0" failures="0">
  <properties>
[...]
</properties>
  <testcase name="testLeaveSet" classname="thesis.antlersolver.model.GraphTest" time="0.001"/>
  <testcase name="testBetweenF" classname="thesis.antlersolver.model.GraphTest" time="0.001"/>
  <testcase name="testGraphConstructor" classname="thesis.antlersolver.model.GraphTest" time="0.009"/>
  <testcase name="testIsolatedSet" classname="thesis.antlersolver.model.GraphTest" time="0.0"/>
  <testcase name="testAddEdge" classname="thesis.antlersolver.model.GraphTest" time="0.001"/>
  <testcase name="testAddNode" classname="thesis.antlersolver.model.GraphTest" time="0.001"/>
  <testcase name="testSingleAntlerSet" classname="thesis.antlersolver.model.GraphTest" time="0.001"/>
  <testcase name="testDegree2Set" classname="thesis.antlersolver.model.GraphTest" time="0.001"/>
  <testcase name="testDoubleToF" classname="thesis.antlersolver.model.GraphTest" time="0.001"/>
  <testcase name="testNodeDegree" classname="thesis.antlersolver.model.GraphTest" time="0.002"/>
  <testcase name="testF" classname="thesis.antlersolver.model.GraphTest" time="0.001"/>
  <testcase name="testNodeRemove" classname="thesis.antlersolver.model.GraphTest" time="0.002"/>
  <testcase name="testSelfloopSet" classname="thesis.antlersolver.model.GraphTest" time="0.001"/>
  <testcase name="testEdgeCount" classname="thesis.antlersolver.model.GraphTest" time="0.0"/>
  <testcase name="testNodeCount" classname="thesis.antlersolver.model.GraphTest" time="0.001"/>
  <testcase name="testEdgeNumber" classname="thesis.antlersolver.model.GraphTest" time="0.001"/>
  <testcase name="testMultiEdgeSet" classname="thesis.antlersolver.model.GraphTest" time="0.001"/>
  <testcase name="testEdgeRemove" classname="thesis.antlersolver.model.GraphTest" time="0.001"/>
  <testcase name="testNodeNbh" classname="thesis.antlersolver.model.GraphTest" time="0.001"/>
</testsuite>